<?xml version="1.0" encoding="UTF-8"?>
<!-- Generated by org.testng.reporters.JUnitReportReporter -->
<testsuite skipped="0" hostname="DESKTOP-SOPHNU0" name="test.GoogleCloudTest" tests="1" failures="0" timestamp="2021-11-01T20:37:02 MSK" time="92.633" errors="0">
  <testcase name="GoogleCloudTest" time="92.633" classname="test.GoogleCloudTest"/>
  <system-out/>
</testsuite> <!-- test.GoogleCloudTest -->
