<?xml version="1.0" encoding="UTF-8"?>
<!-- Generated by org.testng.reporters.JUnitReportReporter -->
<testsuite skipped="0" hostname="DESKTOP-SOPHNU0" name="test.GoogleCloudTest" tests="1" failures="0" timestamp="2021-11-07T13:13:15 MSK" time="60.961" errors="0">
  <testcase name="checkEmailEstimateCost" time="60.961" classname="test.GoogleCloudTest"/>
  <system-out/>
</testsuite> <!-- test.GoogleCloudTest -->
