<?xml version="1.0" encoding="UTF-8"?>
<!-- Generated by org.testng.reporters.JUnitReportReporter -->
<testsuite skipped="0" hostname="DESKTOP-SOPHNU0" name="test.HomePagesAvailableTest" tests="2" failures="0" timestamp="2021-11-01T20:37:02 MSK" time="0.268" errors="0">
  <testcase name="checkAvailableCloudPage" time="0.233" classname="test.HomePagesAvailableTest"/>
  <system-out/>
  <testcase name="checkAvailableTemporaryEmailPage" time="0.035" classname="test.HomePagesAvailableTest"/>
  <system-out/>
</testsuite> <!-- test.HomePagesAvailableTest -->
