<?xml version="1.0" encoding="UTF-8"?>
<!-- Generated by org.testng.reporters.JUnitReportReporter -->
<testsuite name="test.GoogleCloudTest" tests="1" time="68.232" ignored="0" failures="0" timestamp="01 ноя 2021 12:08:11 GMT" skipped="0" hostname="DESKTOP-SOPHNU0" errors="0">
  <testcase name="checkEmailEstimate" time="68.232" classname="test.GoogleCloudTest"/>
</testsuite> <!-- test.GoogleCloudTest -->
