<?xml version="1.0" encoding="UTF-8"?>
<!-- Generated by org.testng.reporters.JUnitReportReporter -->
<testsuite skipped="0" hostname="DESKTOP-SOPHNU0" name="test.GoogleCloudTest" tests="1" failures="0" timestamp="04 ноя 2021 12:05:40 GMT" time="97.910" errors="0">
  <testcase name="checkEmailEstimateCost" time="97.910" classname="test.GoogleCloudTest"/>
</testsuite> <!-- test.GoogleCloudTest -->
