<?xml version="1.0" encoding="UTF-8"?>
<!-- Generated by org.testng.reporters.JUnitReportReporter -->
<testsuite skipped="0" hostname="DESKTOP-SOPHNU0" name="test.HomePagesAvailableTest" tests="2" failures="0" timestamp="2021-10-29T13:36:14 MSK" time="1.301" errors="0">
  <testcase name="checkAvailableCloudPage" time="0.082" classname="test.HomePagesAvailableTest"/>
  <system-out/>
  <testcase name="checkAvailableTemporaryEmailPage" time="1.219" classname="test.HomePagesAvailableTest"/>
  <system-out/>
</testsuite> <!-- test.HomePagesAvailableTest -->
