<?xml version="1.0" encoding="UTF-8"?>
<!-- Generated by org.testng.reporters.JUnitReportReporter -->
<testsuite skipped="0" hostname="DESKTOP-SOPHNU0" name="test.GoogleCloudTest" tests="1" failures="0" timestamp="2021-10-28T21:04:10 MSK" time="53.301" errors="0">
  <testcase name="checkEmailEstimate" time="53.301" classname="test.GoogleCloudTest"/>
  <system-out/>
</testsuite> <!-- test.GoogleCloudTest -->
