<?xml version="1.0" encoding="UTF-8"?>
<!-- Generated by org.testng.reporters.JUnitReportReporter -->
<testsuite skipped="0" hostname="DESKTOP-SOPHNU0" name="test.HomePagesAvailableTest" tests="2" failures="0" timestamp="2021-10-29T12:57:03 MSK" time="0.322" errors="0">
  <testcase name="checkAvailableTemporaryEmailPage" time="0.099" classname="test.HomePagesAvailableTest"/>
  <system-out/>
  <testcase name="checkAvailableCloudPage" time="0.223" classname="test.HomePagesAvailableTest"/>
  <system-out/>
</testsuite> <!-- test.HomePagesAvailableTest -->
